<?xml version="1.0" encoding="UTF-8"?>
<testsuite name="com.commerce.user_api.client.service.SignUpCustomerServiceTest" tests="1" skipped="0" failures="0" errors="0" timestamp="2023-01-03T03:40:40" hostname="Dukes-MacBookPro.local" time="0.2">
  <properties/>
  <testcase name="signUp()" classname="com.commerce.user_api.client.service.SignUpCustomerServiceTest" time="0.2"/>
  <system-out><![CDATA[12:40:35.988 [Test worker] DEBUG org.springframework.test.context.BootstrapUtils - Instantiating CacheAwareContextLoaderDelegate from class [org.springframework.test.context.cache.DefaultCacheAwareContextLoaderDelegate]
12:40:35.997 [Test worker] DEBUG org.springframework.test.context.BootstrapUtils - Instantiating BootstrapContext using constructor [public org.springframework.test.context.support.DefaultBootstrapContext(java.lang.Class,org.springframework.test.context.CacheAwareContextLoaderDelegate)]
12:40:36.022 [Test worker] DEBUG org.springframework.test.context.BootstrapUtils - Instantiating TestContextBootstrapper for test class [com.commerce.user_api.client.service.SignUpCustomerServiceTest] from class [org.springframework.boot.test.context.SpringBootTestContextBootstrapper]
12:40:36.033 [Test worker] INFO org.springframework.boot.test.context.SpringBootTestContextBootstrapper - Neither @ContextConfiguration nor @ContextHierarchy found for test class [com.commerce.user_api.client.service.SignUpCustomerServiceTest], using SpringBootContextLoader
12:40:36.036 [Test worker] DEBUG org.springframework.test.context.support.AbstractContextLoader - Did not detect default resource location for test class [com.commerce.user_api.client.service.SignUpCustomerServiceTest]: class path resource [com/commerce/user_api/client/service/SignUpCustomerServiceTest-context.xml] does not exist
12:40:36.036 [Test worker] DEBUG org.springframework.test.context.support.AbstractContextLoader - Did not detect default resource location for test class [com.commerce.user_api.client.service.SignUpCustomerServiceTest]: class path resource [com/commerce/user_api/client/service/SignUpCustomerServiceTestContext.groovy] does not exist
12:40:36.037 [Test worker] INFO org.springframework.test.context.support.AbstractContextLoader - Could not detect default resource locations for test class [com.commerce.user_api.client.service.SignUpCustomerServiceTest]: no resource found for suffixes {-context.xml, Context.groovy}.
12:40:36.037 [Test worker] INFO org.springframework.test.context.support.AnnotationConfigContextLoaderUtils - Could not detect default configuration classes for test class [com.commerce.user_api.client.service.SignUpCustomerServiceTest]: SignUpCustomerServiceTest does not declare any static, non-private, non-final, nested classes annotated with @Configuration.
12:40:36.079 [Test worker] DEBUG org.springframework.test.context.support.ActiveProfilesUtils - Could not find an 'annotation declaring class' for annotation type [org.springframework.test.context.ActiveProfiles] and class [com.commerce.user_api.client.service.SignUpCustomerServiceTest]
12:40:36.139 [Test worker] DEBUG org.springframework.context.annotation.ClassPathScanningCandidateComponentProvider - Identified candidate component class: file [/Users/sid/Desktop/commerce/user_api/build/classes/java/main/com/commerce/user_api/UserApplication.class]
12:40:36.140 [Test worker] INFO org.springframework.boot.test.context.SpringBootTestContextBootstrapper - Found @SpringBootConfiguration com.commerce.user_api.UserApplication for test class com.commerce.user_api.client.service.SignUpCustomerServiceTest
12:40:36.243 [Test worker] DEBUG org.springframework.boot.test.context.SpringBootTestContextBootstrapper - @TestExecutionListeners is not present for class [com.commerce.user_api.client.service.SignUpCustomerServiceTest]: using defaults.
12:40:36.244 [Test worker] INFO org.springframework.boot.test.context.SpringBootTestContextBootstrapper - Loaded default TestExecutionListener class names from location [META-INF/spring.factories]: [org.springframework.boot.test.autoconfigure.restdocs.RestDocsTestExecutionListener, org.springframework.boot.test.autoconfigure.web.client.MockRestServiceServerResetTestExecutionListener, org.springframework.boot.test.autoconfigure.web.servlet.MockMvcPrintOnlyOnFailureTestExecutionListener, org.springframework.boot.test.autoconfigure.web.servlet.WebDriverTestExecutionListener, org.springframework.boot.test.autoconfigure.webservices.client.MockWebServiceServerTestExecutionListener, org.springframework.boot.test.mock.mockito.MockitoTestExecutionListener, org.springframework.boot.test.mock.mockito.ResetMocksTestExecutionListener, org.springframework.test.context.web.ServletTestExecutionListener, org.springframework.test.context.support.DirtiesContextBeforeModesTestExecutionListener, org.springframework.test.context.event.ApplicationEventsTestExecutionListener, org.springframework.test.context.support.DependencyInjectionTestExecutionListener, org.springframework.test.context.support.DirtiesContextTestExecutionListener, org.springframework.test.context.transaction.TransactionalTestExecutionListener, org.springframework.test.context.jdbc.SqlScriptsTestExecutionListener, org.springframework.test.context.event.EventPublishingTestExecutionListener]
12:40:36.259 [Test worker] INFO org.springframework.boot.test.context.SpringBootTestContextBootstrapper - Using TestExecutionListeners: [org.springframework.test.context.web.ServletTestExecutionListener@38d5b107, org.springframework.test.context.support.DirtiesContextBeforeModesTestExecutionListener@6650813a, org.springframework.test.context.event.ApplicationEventsTestExecutionListener@44ea608c, org.springframework.boot.test.mock.mockito.MockitoTestExecutionListener@50cf5a23, org.springframework.boot.test.autoconfigure.SpringBootDependencyInjectionTestExecutionListener@450794b4, org.springframework.test.context.support.DirtiesContextTestExecutionListener@273c947f, org.springframework.test.context.transaction.TransactionalTestExecutionListener@30457e14, org.springframework.test.context.jdbc.SqlScriptsTestExecutionListener@1af1347d, org.springframework.test.context.event.EventPublishingTestExecutionListener@632aa1a3, org.springframework.boot.test.autoconfigure.restdocs.RestDocsTestExecutionListener@20765ed5, org.springframework.boot.test.autoconfigure.web.client.MockRestServiceServerResetTestExecutionListener@3b582111, org.springframework.boot.test.autoconfigure.web.servlet.MockMvcPrintOnlyOnFailureTestExecutionListener@2899a8db, org.springframework.boot.test.autoconfigure.web.servlet.WebDriverTestExecutionListener@1e8823d2, org.springframework.boot.test.autoconfigure.webservices.client.MockWebServiceServerTestExecutionListener@c1a4620, org.springframework.boot.test.mock.mockito.ResetMocksTestExecutionListener@76b0ae1b]
12:40:36.262 [Test worker] DEBUG org.springframework.test.context.support.AbstractDirtiesContextTestExecutionListener - Before test class: context [DefaultTestContext@62e8f862 testClass = SignUpCustomerServiceTest, testInstance = [null], testMethod = [null], testException = [null], mergedContextConfiguration = [WebMergedContextConfiguration@26f3d90c testClass = SignUpCustomerServiceTest, locations = '{}', classes = '{class com.commerce.user_api.UserApplication}', contextInitializerClasses = '[]', activeProfiles = '{}', propertySourceLocations = '{}', propertySourceProperties = '{org.springframework.boot.test.context.SpringBootTestContextBootstrapper=true}', contextCustomizers = set[org.springframework.boot.test.autoconfigure.actuate.metrics.MetricsExportContextCustomizerFactory$DisableMetricExportContextCustomizer@2cae1042, org.springframework.boot.test.autoconfigure.properties.PropertyMappingContextCustomizer@0, org.springframework.boot.test.autoconfigure.web.servlet.WebDriverContextCustomizerFactory$Customizer@129b4fe2, org.springframework.boot.test.context.filter.ExcludeFilterContextCustomizer@24b6b8f6, org.springframework.boot.test.json.DuplicateJsonObjectContextCustomizerFactory$DuplicateJsonObjectContextCustomizer@45c8d09f, org.springframework.boot.test.mock.mockito.MockitoContextCustomizer@0, org.springframework.boot.test.web.client.TestRestTemplateContextCustomizer@fd8294b, org.springframework.boot.test.context.SpringBootTestArgs@1, org.springframework.boot.test.context.SpringBootTestWebEnvironment@6b0d80ed], resourceBasePath = 'src/main/webapp', contextLoader = 'org.springframework.boot.test.context.SpringBootContextLoader', parent = [null]], attributes = map['org.springframework.test.context.web.ServletTestExecutionListener.activateListener' -> true]], class annotated with @DirtiesContext [false] with mode [null].

  .   ____          _            __ _ _
 /\\ / ___'_ __ _ _(_)_ __  __ _ \ \ \ \
( ( )\___ | '_ | '_| | '_ \/ _` | \ \ \ \
 \\/  ___)| |_)| | | | | || (_| |  ) ) ) )
  '  |____| .__|_| |_|_| |_\__, | / / / /
 =========|_|==============|___/=/_/_/_/
 :: Spring Boot ::                (v2.7.7)

2023-01-03 12:40:36.577  INFO 67963 --- [    Test worker] c.c.u.c.s.SignUpCustomerServiceTest      : Starting SignUpCustomerServiceTest using Java 11.0.17 on Dukes-MacBookPro.local with PID 67963 (started by sid in /Users/sid/Desktop/commerce/user_api)
2023-01-03 12:40:36.579  INFO 67963 --- [    Test worker] c.c.u.c.s.SignUpCustomerServiceTest      : No active profile set, falling back to 1 default profile: "default"
2023-01-03 12:40:37.188  INFO 67963 --- [    Test worker] .s.d.r.c.RepositoryConfigurationDelegate : Bootstrapping Spring Data JPA repositories in DEFAULT mode.
2023-01-03 12:40:37.226  INFO 67963 --- [    Test worker] .s.d.r.c.RepositoryConfigurationDelegate : Finished Spring Data repository scanning in 32 ms. Found 1 JPA repository interfaces.
2023-01-03 12:40:37.588  INFO 67963 --- [    Test worker] o.s.cloud.context.scope.GenericScope     : BeanFactory id=ebd2400e-8c7c-32fb-98ed-5599f5245a12
2023-01-03 12:40:37.995  INFO 67963 --- [    Test worker] o.hibernate.jpa.internal.util.LogHelper  : HHH000204: Processing PersistenceUnitInfo [name: default]
2023-01-03 12:40:38.060  INFO 67963 --- [    Test worker] org.hibernate.Version                    : HHH000412: Hibernate ORM core version 5.6.14.Final
2023-01-03 12:40:38.259  INFO 67963 --- [    Test worker] o.hibernate.annotations.common.Version   : HCANN000001: Hibernate Commons Annotations {5.1.2.Final}
2023-01-03 12:40:38.371  INFO 67963 --- [    Test worker] com.zaxxer.hikari.HikariDataSource       : HikariPool-1 - Starting...
2023-01-03 12:40:38.625  INFO 67963 --- [    Test worker] com.zaxxer.hikari.HikariDataSource       : HikariPool-1 - Start completed.
2023-01-03 12:40:38.646  INFO 67963 --- [    Test worker] org.hibernate.dialect.Dialect            : HHH000400: Using dialect: org.hibernate.dialect.H2Dialect
2023-01-03 12:40:38.688  INFO 67963 --- [    Test worker] o.h.e.boot.internal.EnversServiceImpl    : Envers integration enabled? : true
Hibernate: drop table if exists customer CASCADE 
Hibernate: create table customer (id bigint generated by default as identity, created_at date, modified_at date, birth date, email varchar(255), name varchar(255), password varchar(255), phone varchar(255), verification_code varchar(255), verify boolean not null, verify_expire_at timestamp, primary key (id))
Hibernate: alter table customer add constraint UK_dwk6cx0afu8bs9o4t536v1j5v unique (email)
2023-01-03 12:40:39.324  INFO 67963 --- [    Test worker] o.h.e.t.j.p.i.JtaPlatformInitiator       : HHH000490: Using JtaPlatform implementation: [org.hibernate.engine.transaction.jta.platform.internal.NoJtaPlatform]
2023-01-03 12:40:39.332  INFO 67963 --- [    Test worker] j.LocalContainerEntityManagerFactoryBean : Initialized JPA EntityManagerFactory for persistence unit 'default'
2023-01-03 12:40:39.441  WARN 67963 --- [    Test worker] JpaBaseConfiguration$JpaWebConfiguration : spring.jpa.open-in-view is enabled by default. Therefore, database queries may be performed during view rendering. Explicitly configure spring.jpa.open-in-view to disable this warning
2023-01-03 12:40:40.926  INFO 67963 --- [    Test worker] c.c.u.c.s.SignUpCustomerServiceTest      : Started SignUpCustomerServiceTest in 4.623 seconds (JVM running for 5.701)
Hibernate: insert into customer (id, created_at, modified_at, birth, email, name, password, phone, verification_code, verify, verify_expire_at) values (default, ?, ?, ?, ?, ?, ?, ?, ?, ?, ?)
]]></system-out>
  <system-err><![CDATA[]]></system-err>
</testsuite>
